<?xml version="1.0" encoding="UTF-8"?>
<!-- Generated by org.testng.reporters.JUnitReportReporter -->
<testsuite hostname="JKGUPTA" failures="0" tests="1" name="driverFactory.DriverScript" time="29.696" errors="0" timestamp="2023-10-01T15:47:56 IST" skipped="0">
  <testcase classname="driverFactory.DriverScript" name="startTest" time="29.696">
    <system-out>
      <![CDATA[No of rows in TCSheet::4   No of rows in TSSheet::14
Login Success::adminflow    http://primusbank.qedgetech.com/adminflow.aspx
Logout Success::
Login Success::adminflow    http://primusbank.qedgetech.com/adminflow.aspx
New Branch with id 67 created Sucessfully
Logout Success::
Login Success::adminflow    http://primusbank.qedgetech.com/adminflow.aspx
Branch updated Sucessfully
Logout Success::
Login Success::adminflow    http://primusbank.qedgetech.com/adminflow.aspx
New Role with id 17 Created Sucessfully
Logout Success::]]>
    </system-out>
  </testcase> <!-- startTest -->
  <system-out>
    <![CDATA[Browser value Not Matching
No of rows in TCSheet::4   No of rows in TSSheet::14
Login Success::adminflow    http://primusbank.qedgetech.com/adminflow.aspx
Logout Success::
Login Success::adminflow    http://primusbank.qedgetech.com/adminflow.aspx
New Branch with id 67 created Sucessfully
Logout Success::
Login Success::adminflow    http://primusbank.qedgetech.com/adminflow.aspx
Branch updated Sucessfully
Logout Success::
Login Success::adminflow    http://primusbank.qedgetech.com/adminflow.aspx
New Role with id 17 Created Sucessfully
Logout Success::]]>
  </system-out>
</testsuite> <!-- driverFactory.DriverScript -->
