<?xml version="1.0" encoding="UTF-8"?>
<!-- Generated by org.testng.reporters.JUnitReportReporter -->
<testsuite hostname="JKGUPTA" failures="0" tests="1" name="driverFactory.AppTest" time="27.966" errors="0" timestamp="2024-02-06T20:31:26 IST" skipped="0">
  <testcase classname="driverFactory.AppTest" name="startTest" time="27.966">
    <system-out>
      <![CDATA[No of rows in TCSheet::4   No of rows in TSSheet::14
Login Success::adminflow    http://primusbank.qedgetech.com/adminflow.aspx
Logout Success::
Login Success::adminflow    http://primusbank.qedgetech.com/adminflow.aspx
New Branch with id 29 created Sucessfully
Logout Success::
Login Success::adminflow    http://primusbank.qedgetech.com/adminflow.aspx
Branch updated Sucessfully
Logout Success::
Login Success::adminflow    http://primusbank.qedgetech.com/adminflow.aspx
New Role with id 13 Created Sucessfully
Logout Success::]]>
    </system-out>
  </testcase> <!-- startTest -->
  <system-out>
    <![CDATA[Browser value Not Matching
No of rows in TCSheet::4   No of rows in TSSheet::14
Login Success::adminflow    http://primusbank.qedgetech.com/adminflow.aspx
Logout Success::
Login Success::adminflow    http://primusbank.qedgetech.com/adminflow.aspx
New Branch with id 29 created Sucessfully
Logout Success::
Login Success::adminflow    http://primusbank.qedgetech.com/adminflow.aspx
Branch updated Sucessfully
Logout Success::
Login Success::adminflow    http://primusbank.qedgetech.com/adminflow.aspx
New Role with id 13 Created Sucessfully
Logout Success::]]>
  </system-out>
</testsuite> <!-- driverFactory.AppTest -->
