<?xml version="1.0" encoding="UTF-8"?>
<!-- Generated by org.testng.reporters.JUnitReportReporter -->
<testsuite hostname="JKGUPTA" failures="0" tests="1" name="driverFactory.AppTest" time="72.649" errors="0" timestamp="2023-11-06T16:19:37 IST" skipped="0">
  <testcase classname="driverFactory.AppTest" name="kickStart" time="72.649"/>
</testsuite> <!-- driverFactory.AppTest -->
