<?xml version="1.0" encoding="UTF-8"?>
<!-- Generated by org.testng.reporters.JUnitReportReporter -->
<testsuite hostname="JKGUPTA" failures="0" tests="1" name="driverFactory.DriverScript" time="31.504" errors="0" timestamp="2023-09-30T21:47:42 IST" skipped="0">
  <testcase classname="driverFactory.DriverScript" name="startTest" time="31.504">
    <system-out>
      <![CDATA[No of rows are::10
Add Employee Success::3340     3340
Add Employee Success::3341     3341
Add Employee Success::3342     3342
Add Employee Success::3343     3343
Add Employee Success::3344     3344
Add Employee Success::3345     3345
Add Employee Success::3346     3346
Add Employee Success::3347     3347
Add Employee Success::3348     3348
Add Employee Success::3349     3349]]>
    </system-out>
  </testcase> <!-- startTest -->
  <system-out>
    <![CDATA[No of rows are::10
Add Employee Success::3340     3340
Add Employee Success::3341     3341
Add Employee Success::3342     3342
Add Employee Success::3343     3343
Add Employee Success::3344     3344
Add Employee Success::3345     3345
Add Employee Success::3346     3346
Add Employee Success::3347     3347
Add Employee Success::3348     3348
Add Employee Success::3349     3349]]>
  </system-out>
</testsuite> <!-- driverFactory.DriverScript -->
