<?xml version="1.0" encoding="UTF-8"?>
<!-- Generated by org.testng.reporters.JUnitReportReporter -->
<testsuite hostname="JKGUPTA" failures="0" tests="15" name="CrossBrowser_Tesing.OrangeHRM_Crossbroser_Tesing" time="14.096" errors="0" timestamp="2023-09-15T16:57:34 IST" skipped="0">
  <testcase classname="CrossBrowser_Tesing.OrangeHRM_Crossbroser_Tesing" name="Validate_Orange_HRM_login" time="0.431">
    <system-out>
      <![CDATA[Login Failed   dashboard   http://orangehrm.qedgetech.com/symfony/web/index.php/auth/validateCredentials]]>
    </system-out>
  </testcase> <!-- Validate_Orange_HRM_login -->
  <testcase classname="CrossBrowser_Tesing.OrangeHRM_Crossbroser_Tesing" name="Validate_Orange_HRM_login" time="2.249">
    <system-out>
      <![CDATA[Login Sucessfull   dashboard   http://orangehrm.qedgetech.com/symfony/web/index.php/dashboard]]>
    </system-out>
  </testcase> <!-- Validate_Orange_HRM_login -->
  <testcase classname="CrossBrowser_Tesing.OrangeHRM_Crossbroser_Tesing" name="Validate_Orange_HRM_login" time="0.420">
    <system-out>
      <![CDATA[Login Failed   dashboard   http://orangehrm.qedgetech.com/symfony/web/index.php/auth/validateCredentials]]>
    </system-out>
  </testcase> <!-- Validate_Orange_HRM_login -->
  <testcase classname="CrossBrowser_Tesing.OrangeHRM_Crossbroser_Tesing" name="Validate_Orange_HRM_login" time="0.663">
    <system-out>
      <![CDATA[Login Failed   dashboard   http://orangehrm.qedgetech.com/symfony/web/index.php/auth/validateCredentials]]>
    </system-out>
  </testcase> <!-- Validate_Orange_HRM_login -->
  <testcase classname="CrossBrowser_Tesing.OrangeHRM_Crossbroser_Tesing" name="Validate_Orange_HRM_login" time="0.697">
    <system-out>
      <![CDATA[Login Failed   dashboard   http://orangehrm.qedgetech.com/symfony/web/index.php/auth/validateCredentials]]>
    </system-out>
  </testcase> <!-- Validate_Orange_HRM_login -->
  <testcase classname="CrossBrowser_Tesing.OrangeHRM_Crossbroser_Tesing" name="Validate_Orange_HRM_login" time="0.490">
    <system-out>
      <![CDATA[Login Failed   dashboard   http://orangehrm.qedgetech.com/symfony/web/index.php/auth/validateCredentials]]>
    </system-out>
  </testcase> <!-- Validate_Orange_HRM_login -->
  <testcase classname="CrossBrowser_Tesing.OrangeHRM_Crossbroser_Tesing" name="Validate_Orange_HRM_login" time="0.781">
    <system-out>
      <![CDATA[Login Failed   dashboard   http://orangehrm.qedgetech.com/symfony/web/index.php/auth/validateCredentials]]>
    </system-out>
  </testcase> <!-- Validate_Orange_HRM_login -->
  <testcase classname="CrossBrowser_Tesing.OrangeHRM_Crossbroser_Tesing" name="Validate_Orange_HRM_login" time="2.231">
    <system-out>
      <![CDATA[Login Sucessfull   dashboard   http://orangehrm.qedgetech.com/symfony/web/index.php/dashboard]]>
    </system-out>
  </testcase> <!-- Validate_Orange_HRM_login -->
  <testcase classname="CrossBrowser_Tesing.OrangeHRM_Crossbroser_Tesing" name="Validate_Orange_HRM_login" time="2.264">
    <system-out>
      <![CDATA[Login Sucessfull   dashboard   http://orangehrm.qedgetech.com/symfony/web/index.php/dashboard]]>
    </system-out>
  </testcase> <!-- Validate_Orange_HRM_login -->
  <testcase classname="CrossBrowser_Tesing.OrangeHRM_Crossbroser_Tesing" name="Validate_Orange_HRM_login" time="0.683">
    <system-out>
      <![CDATA[Login Failed   dashboard   http://orangehrm.qedgetech.com/symfony/web/index.php/auth/validateCredentials]]>
    </system-out>
  </testcase> <!-- Validate_Orange_HRM_login -->
  <testcase classname="CrossBrowser_Tesing.OrangeHRM_Crossbroser_Tesing" name="Validate_Orange_HRM_login" time="0.711">
    <system-out>
      <![CDATA[Login Failed   dashboard   http://orangehrm.qedgetech.com/symfony/web/index.php/auth/validateCredentials]]>
    </system-out>
  </testcase> <!-- Validate_Orange_HRM_login -->
  <testcase classname="CrossBrowser_Tesing.OrangeHRM_Crossbroser_Tesing" name="Validate_Orange_HRM_login" time="0.559">
    <system-out>
      <![CDATA[Login Failed   dashboard   http://orangehrm.qedgetech.com/symfony/web/index.php/auth/validateCredentials]]>
    </system-out>
  </testcase> <!-- Validate_Orange_HRM_login -->
  <testcase classname="CrossBrowser_Tesing.OrangeHRM_Crossbroser_Tesing" name="Validate_Orange_HRM_login" time="0.459">
    <system-out>
      <![CDATA[Login Failed   dashboard   http://orangehrm.qedgetech.com/symfony/web/index.php/auth/validateCredentials]]>
    </system-out>
  </testcase> <!-- Validate_Orange_HRM_login -->
  <testcase classname="CrossBrowser_Tesing.OrangeHRM_Crossbroser_Tesing" name="Validate_Orange_HRM_login" time="0.663">
    <system-out>
      <![CDATA[Login Failed   dashboard   http://orangehrm.qedgetech.com/symfony/web/index.php/auth/validateCredentials]]>
    </system-out>
  </testcase> <!-- Validate_Orange_HRM_login -->
  <testcase classname="CrossBrowser_Tesing.OrangeHRM_Crossbroser_Tesing" name="Validate_Orange_HRM_login" time="0.795">
    <system-out>
      <![CDATA[Login Failed   dashboard   http://orangehrm.qedgetech.com/symfony/web/index.php/auth/validateCredentials]]>
    </system-out>
  </testcase> <!-- Validate_Orange_HRM_login -->
  <system-out>
    <![CDATA[Login Sucessfull   dashboard   http://orangehrm.qedgetech.com/symfony/web/index.php/dashboard
Login Failed   dashboard   http://orangehrm.qedgetech.com/symfony/web/index.php/auth/validateCredentials
Login Failed   dashboard   http://orangehrm.qedgetech.com/symfony/web/index.php/auth/validateCredentials
Login Failed   dashboard   http://orangehrm.qedgetech.com/symfony/web/index.php/auth/validateCredentials
Login Failed   dashboard   http://orangehrm.qedgetech.com/symfony/web/index.php/auth/validateCredentials
Login Sucessfull   dashboard   http://orangehrm.qedgetech.com/symfony/web/index.php/dashboard
Login Failed   dashboard   http://orangehrm.qedgetech.com/symfony/web/index.php/auth/validateCredentials
Login Failed   dashboard   http://orangehrm.qedgetech.com/symfony/web/index.php/auth/validateCredentials
Login Failed   dashboard   http://orangehrm.qedgetech.com/symfony/web/index.php/auth/validateCredentials
Login Failed   dashboard   http://orangehrm.qedgetech.com/symfony/web/index.php/auth/validateCredentials
Login Sucessfull   dashboard   http://orangehrm.qedgetech.com/symfony/web/index.php/dashboard
Login Failed   dashboard   http://orangehrm.qedgetech.com/symfony/web/index.php/auth/validateCredentials
Login Failed   dashboard   http://orangehrm.qedgetech.com/symfony/web/index.php/auth/validateCredentials
Login Failed   dashboard   http://orangehrm.qedgetech.com/symfony/web/index.php/auth/validateCredentials
Login Failed   dashboard   http://orangehrm.qedgetech.com/symfony/web/index.php/auth/validateCredentials]]>
  </system-out>
</testsuite> <!-- CrossBrowser_Tesing.OrangeHRM_Crossbroser_Tesing -->
