<?xml version="1.0" encoding="UTF-8"?>
<!-- Generated by org.testng.reporters.JUnitReportReporter -->
<testsuite hostname="JKGUPTA" failures="0" tests="5" name="DataProvider_OrangeHRM.Validate_Orange_HRM" time="4.720" errors="0" timestamp="2023-09-15T17:03:16 IST" skipped="0">
  <testcase classname="DataProvider_OrangeHRM.Validate_Orange_HRM" name="Validate_Orange_HRM_login" time="0.523">
    <system-out>
      <![CDATA[Login Failed   dashboard   http://orangehrm.qedgetech.com/symfony/web/index.php/auth/validateCredentials]]>
    </system-out>
  </testcase> <!-- Validate_Orange_HRM_login -->
  <testcase classname="DataProvider_OrangeHRM.Validate_Orange_HRM" name="Validate_Orange_HRM_login" time="0.444">
    <system-out>
      <![CDATA[Login Failed   dashboard   http://orangehrm.qedgetech.com/symfony/web/index.php/auth/validateCredentials]]>
    </system-out>
  </testcase> <!-- Validate_Orange_HRM_login -->
  <testcase classname="DataProvider_OrangeHRM.Validate_Orange_HRM" name="Validate_Orange_HRM_login" time="2.356">
    <system-out>
      <![CDATA[Login Sucessfull   dashboard   http://orangehrm.qedgetech.com/symfony/web/index.php/dashboard]]>
    </system-out>
  </testcase> <!-- Validate_Orange_HRM_login -->
  <testcase classname="DataProvider_OrangeHRM.Validate_Orange_HRM" name="Validate_Orange_HRM_login" time="0.727">
    <system-out>
      <![CDATA[Login Failed   dashboard   http://orangehrm.qedgetech.com/symfony/web/index.php/auth/validateCredentials]]>
    </system-out>
  </testcase> <!-- Validate_Orange_HRM_login -->
  <testcase classname="DataProvider_OrangeHRM.Validate_Orange_HRM" name="Validate_Orange_HRM_login" time="0.670">
    <system-out>
      <![CDATA[Login Failed   dashboard   http://orangehrm.qedgetech.com/symfony/web/index.php/auth/validateCredentials]]>
    </system-out>
  </testcase> <!-- Validate_Orange_HRM_login -->
  <system-out>
    <![CDATA[Login Sucessfull   dashboard   http://orangehrm.qedgetech.com/symfony/web/index.php/dashboard
Login Failed   dashboard   http://orangehrm.qedgetech.com/symfony/web/index.php/auth/validateCredentials
Login Failed   dashboard   http://orangehrm.qedgetech.com/symfony/web/index.php/auth/validateCredentials
Login Failed   dashboard   http://orangehrm.qedgetech.com/symfony/web/index.php/auth/validateCredentials
Login Failed   dashboard   http://orangehrm.qedgetech.com/symfony/web/index.php/auth/validateCredentials]]>
  </system-out>
</testsuite> <!-- DataProvider_OrangeHRM.Validate_Orange_HRM -->
