<?xml version="1.0" encoding="UTF-8"?>
<!-- Generated by org.testng.reporters.JUnitReportReporter -->
<testsuite hostname="JKGUPTA" failures="0" tests="5" name="Executable_TestNG.TestNG_PrimusBank" time="2.180" errors="0" timestamp="2023-09-13T20:37:59 IST" skipped="0">
  <testcase classname="Executable_TestNG.TestNG_PrimusBank" name="branches" time="0.494">
    <system-out>
      <![CDATA[Executing Branches test]]>
    </system-out>
  </testcase> <!-- branches -->
  <testcase classname="Executable_TestNG.TestNG_PrimusBank" name="branches" time="0.303">
    <system-out>
      <![CDATA[Executing Branches test]]>
    </system-out>
  </testcase> <!-- branches -->
  <testcase classname="Executable_TestNG.TestNG_PrimusBank" name="branches" time="0.294">
    <system-out>
      <![CDATA[Executing Branches test]]>
    </system-out>
  </testcase> <!-- branches -->
  <testcase classname="Executable_TestNG.TestNG_PrimusBank" name="branches" time="0.492">
    <system-out>
      <![CDATA[Executing Branches test]]>
    </system-out>
  </testcase> <!-- branches -->
  <testcase classname="Executable_TestNG.TestNG_PrimusBank" name="branches" time="0.597">
    <system-out>
      <![CDATA[Executing Branches test]]>
    </system-out>
  </testcase> <!-- branches -->
  <system-out>
    <![CDATA[Running Precondition
Executing Branches test
Executing Branches test
Executing Branches test
Executing Branches test
Executing Branches test
Running Postcondition
Running Precondition
Executing roles test
Executing roles test
Executing roles test
Executing roles test
Executing roles test
Running Postcondition
Running Precondition
Executing users test
Executing users test
Executing users test
Executing users test
Executing users test
Running Postcondition
Running Precondition
Executing employees test
Executing employees test
Executing employees test
Executing employees test
Executing employees test
Running Postcondition]]>
  </system-out>
</testsuite> <!-- Executable_TestNG.TestNG_PrimusBank -->
