<?xml version="1.0" encoding="UTF-8"?>
<!-- Generated by org.testng.reporters.JUnitReportReporter -->
<testsuite hostname="JKGUPTA" failures="0" tests="2" name="Extent_Report.Generate_ExtentReport" time="19.714" errors="0" timestamp="2023-09-23T00:29:33 IST" skipped="0">
  <testcase classname="Extent_Report.Generate_ExtentReport" name="testfail" time="16.552"/>
  <testcase classname="Extent_Report.Generate_ExtentReport" name="testPass" time="3.162"/>
</testsuite> <!-- Extent_Report.Generate_ExtentReport -->
