<?xml version="1.0" encoding="UTF-8"?>
<!-- Generated by org.testng.reporters.JUnitReportReporter -->
<testsuite hostname="JKGUPTA" failures="0" tests="1" name="Assertions.Facebook_Assertionss" time="13.869" errors="0" timestamp="2023-09-17T22:46:33 IST" skipped="0">
  <testcase classname="Assertions.Facebook_Assertionss" name="Testfacebook" time="13.869"/>
</testsuite> <!-- Assertions.Facebook_Assertionss -->
