<?xml version="1.0" encoding="UTF-8"?>
<!-- Generated by org.testng.reporters.JUnitReportReporter -->
<testsuite hostname="JKGUPTA" failures="0" tests="1" name="test.Test_Google" time="8.594" errors="0" timestamp="2024-02-01T19:44:23 IST" skipped="0">
  <testcase classname="test.Test_Google" name="testFacebook" time="8.594"/>
</testsuite> <!-- test.Test_Google -->
