<?xml version="1.0" encoding="UTF-8"?>
<!-- Generated by org.testng.reporters.JUnitReportReporter -->
<testsuite hostname="JKGUPTA" failures="0" tests="2" name="test.FirstTest" time="20.591" errors="0" timestamp="2023-11-09T23:52:45 IST" skipped="0">
  <testcase classname="test.FirstTest" name="testFacebook" time="8.193"/>
  <testcase classname="test.FirstTest" name="testGoogle" time="12.398"/>
</testsuite> <!-- test.FirstTest -->
